<?xml version="1.0" encoding="UTF-8"?>
<testsuites name="jest tests" tests="3" failures="3" time="18.06">
  <testsuite name="entity-factory" errors="0" failures="3" skipped="0" timestamp="2020-02-07T23:10:17" time="17.668" tests="3">
    <testcase classname="entity-factory saveOne() bookFactory can bulk instantiate entities" name="entity-factory saveOne() bookFactory can bulk instantiate entities" time="0.017">
      <failure>DriverPackageNotInstalledError: Postgres package has not been found installed. Try to install it: npm install pg --save
    at new DriverPackageNotInstalledError (/usr/src/src/error/DriverPackageNotInstalledError.ts:8:9)
    at PostgresDriver.loadDependencies (/usr/src/src/driver/postgres/PostgresDriver.ts:908:19)
    at new PostgresDriver (/usr/src/src/driver/postgres/PostgresDriver.ts:255:14)
    at DriverFactory.create (/usr/src/src/driver/DriverFactory.ts:33:24)
    at new Connection (/usr/src/src/connection/Connection.ts:126:43)
    at ConnectionManager.create (/usr/src/src/connection/ConnectionManager.ts:64:28)
    at /usr/src/src/tests/test-utils.ts:6:40
    at step (/usr/src/src/tests/test-utils.ts:33:23)
    at Object.next (/usr/src/src/tests/test-utils.ts:14:53)
    at /usr/src/src/tests/test-utils.ts:8:71</failure>
      <failure>TypeError: Cannot read property &apos;saveOne&apos; of undefined
    at /usr/src/src/tests/entity-factory.spec.ts:32:40
    at step (/usr/src/src/tests/entity-factory.spec.ts:33:23)
    at Object.next (/usr/src/src/tests/entity-factory.spec.ts:14:53)
    at /usr/src/src/tests/entity-factory.spec.ts:8:71
    at new Promise (&lt;anonymous&gt;)
    at __awaiter (/usr/src/src/tests/entity-factory.spec.ts:4:12)
    at Object.&lt;anonymous&gt; (/usr/src/src/tests/entity-factory.spec.ts:31:43)
    at Object.asyncJestTest (/usr/src/node_modules/jest-jasmine2/build/jasmineAsyncInstall.js:100:37)
    at /usr/src/node_modules/jest-jasmine2/build/queueRunner.js:43:12
    at new Promise (&lt;anonymous&gt;)</failure>
      <failure>Error: ERROR: Cleaning test db: TypeError: Cannot read property &apos;entityMetadatas&apos; of undefined
    at /usr/src/src/tests/test-utils.ts:39:11
    at step (/usr/src/src/tests/test-utils.ts:33:23)
    at Object.next (/usr/src/src/tests/test-utils.ts:14:53)
    at /usr/src/src/tests/test-utils.ts:8:71
    at new Promise (&lt;anonymous&gt;)
    at __awaiter (/usr/src/src/tests/test-utils.ts:4:12)
    at Object.exports.clearDB (/usr/src/src/tests/test-utils.ts:29:53)
    at /usr/src/src/tests/entity-factory.spec.ts:17:31
    at step (/usr/src/src/tests/entity-factory.spec.ts:33:23)
    at Object.next (/usr/src/src/tests/entity-factory.spec.ts:14:53)</failure>
    </testcase>
    <testcase classname="entity-factory saveOne() bookFactory can instantiate a book with partial parameters" name="entity-factory saveOne() bookFactory can instantiate a book with partial parameters" time="0.013">
      <failure>DriverPackageNotInstalledError: Postgres package has not been found installed. Try to install it: npm install pg --save
    at new DriverPackageNotInstalledError (/usr/src/src/error/DriverPackageNotInstalledError.ts:8:9)
    at PostgresDriver.loadDependencies (/usr/src/src/driver/postgres/PostgresDriver.ts:908:19)
    at new PostgresDriver (/usr/src/src/driver/postgres/PostgresDriver.ts:255:14)
    at DriverFactory.create (/usr/src/src/driver/DriverFactory.ts:33:24)
    at new Connection (/usr/src/src/connection/Connection.ts:126:43)
    at ConnectionManager.create (/usr/src/src/connection/ConnectionManager.ts:64:28)
    at /usr/src/src/tests/test-utils.ts:6:40
    at step (/usr/src/src/tests/test-utils.ts:33:23)
    at Object.next (/usr/src/src/tests/test-utils.ts:14:53)
    at /usr/src/src/tests/test-utils.ts:8:71</failure>
      <failure>TypeError: Cannot read property &apos;saveOne&apos; of undefined
    at /usr/src/src/tests/entity-factory.spec.ts:52:40
    at step (/usr/src/src/tests/entity-factory.spec.ts:33:23)
    at Object.next (/usr/src/src/tests/entity-factory.spec.ts:14:53)
    at /usr/src/src/tests/entity-factory.spec.ts:8:71
    at new Promise (&lt;anonymous&gt;)
    at __awaiter (/usr/src/src/tests/entity-factory.spec.ts:4:12)
    at Object.&lt;anonymous&gt; (/usr/src/src/tests/entity-factory.spec.ts:50:60)
    at Object.asyncJestTest (/usr/src/node_modules/jest-jasmine2/build/jasmineAsyncInstall.js:100:37)
    at /usr/src/node_modules/jest-jasmine2/build/queueRunner.js:43:12
    at new Promise (&lt;anonymous&gt;)</failure>
      <failure>Error: ERROR: Cleaning test db: TypeError: Cannot read property &apos;entityMetadatas&apos; of undefined
    at /usr/src/src/tests/test-utils.ts:39:11
    at step (/usr/src/src/tests/test-utils.ts:33:23)
    at Object.next (/usr/src/src/tests/test-utils.ts:14:53)
    at /usr/src/src/tests/test-utils.ts:8:71
    at new Promise (&lt;anonymous&gt;)
    at __awaiter (/usr/src/src/tests/test-utils.ts:4:12)
    at Object.exports.clearDB (/usr/src/src/tests/test-utils.ts:29:53)
    at /usr/src/src/tests/entity-factory.spec.ts:17:31
    at step (/usr/src/src/tests/entity-factory.spec.ts:33:23)
    at Object.next (/usr/src/src/tests/entity-factory.spec.ts:14:53)</failure>
    </testcase>
    <testcase classname="entity-factory saveMany() bookFactory can bulk instantiate entities" name="entity-factory saveMany() bookFactory can bulk instantiate entities" time="0.002">
      <failure>DriverPackageNotInstalledError: Postgres package has not been found installed. Try to install it: npm install pg --save
    at new DriverPackageNotInstalledError (/usr/src/src/error/DriverPackageNotInstalledError.ts:8:9)
    at PostgresDriver.loadDependencies (/usr/src/src/driver/postgres/PostgresDriver.ts:908:19)
    at new PostgresDriver (/usr/src/src/driver/postgres/PostgresDriver.ts:255:14)
    at DriverFactory.create (/usr/src/src/driver/DriverFactory.ts:33:24)
    at new Connection (/usr/src/src/connection/Connection.ts:126:43)
    at ConnectionManager.create (/usr/src/src/connection/ConnectionManager.ts:64:28)
    at /usr/src/src/tests/test-utils.ts:6:40
    at step (/usr/src/src/tests/test-utils.ts:33:23)
    at Object.next (/usr/src/src/tests/test-utils.ts:14:53)
    at /usr/src/src/tests/test-utils.ts:8:71</failure>
      <failure>TypeError: Cannot read property &apos;saveMany&apos; of undefined
    at /usr/src/src/tests/entity-factory.spec.ts:82:41
    at step (/usr/src/src/tests/entity-factory.spec.ts:33:23)
    at Object.next (/usr/src/src/tests/entity-factory.spec.ts:14:53)
    at /usr/src/src/tests/entity-factory.spec.ts:8:71
    at new Promise (&lt;anonymous&gt;)
    at __awaiter (/usr/src/src/tests/entity-factory.spec.ts:4:12)
    at Object.&lt;anonymous&gt; (/usr/src/src/tests/entity-factory.spec.ts:79:43)
    at Object.asyncJestTest (/usr/src/node_modules/jest-jasmine2/build/jasmineAsyncInstall.js:100:37)
    at /usr/src/node_modules/jest-jasmine2/build/queueRunner.js:43:12
    at new Promise (&lt;anonymous&gt;)</failure>
      <failure>Error: ERROR: Cleaning test db: TypeError: Cannot read property &apos;entityMetadatas&apos; of undefined
    at /usr/src/src/tests/test-utils.ts:39:11
    at step (/usr/src/src/tests/test-utils.ts:33:23)
    at Object.next (/usr/src/src/tests/test-utils.ts:14:53)
    at /usr/src/src/tests/test-utils.ts:8:71
    at new Promise (&lt;anonymous&gt;)
    at __awaiter (/usr/src/src/tests/test-utils.ts:4:12)
    at Object.exports.clearDB (/usr/src/src/tests/test-utils.ts:29:53)
    at /usr/src/src/tests/entity-factory.spec.ts:17:31
    at step (/usr/src/src/tests/entity-factory.spec.ts:33:23)
    at Object.next (/usr/src/src/tests/entity-factory.spec.ts:14:53)</failure>
    </testcase>
  </testsuite>
</testsuites>